Warning: ignoring unsupported tag `ALLOW_UNICODE_NAMES    =' at line 79, file /home/travis/build/PaulSchweizer/ActionRpgKit/config.dox
Warning: Tag `CLANG_ASSISTED_PARSING' at line 989 of file /home/travis/build/PaulSchweizer/ActionRpgKit/config.dox belongs to an option that was not enabled at compile time.
To avoid this warning please remove this line from your configuration file, upgrade it using "doxygen -u", or recompile doxygen with this feature enabled.
Warning: Tag `CLANG_OPTIONS' at line 997 of file /home/travis/build/PaulSchweizer/ActionRpgKit/config.dox belongs to an option that was not enabled at compile time.
To avoid this warning please remove this line from your configuration file, upgrade it using "doxygen -u", or recompile doxygen with this feature enabled.
Warning: ignoring unsupported tag `MAN_SUBDIR             =' at line 1804, file /home/travis/build/PaulSchweizer/ActionRpgKit/config.dox
Warning: ignoring unsupported tag `DOCBOOK_PROGRAMLISTING =' at line 1867, file /home/travis/build/PaulSchweizer/ActionRpgKit/config.dox
Warning: ignoring unsupported tag `PLANTUML_JAR_PATH      =' at line 2290, file /home/travis/build/PaulSchweizer/ActionRpgKit/config.dox
Warning: the dot tool could not be found at C:\Program Files (x86)\Graphviz2.38\bin
Searching for include files...
Searching for example files...
Searching for images...
Searching for dot files...
Searching for msc files...
Searching for dia files...
Searching for files to exclude
Searching for files in directory /home/travis/build/PaulSchweizer/ActionRpgKit/ActionRpgKit/Tests
Searching for files in directory /home/travis/build/PaulSchweizer/ActionRpgKit/ActionRpgKit/Tests/Core
Searching for files in directory /home/travis/build/PaulSchweizer/ActionRpgKit/ActionRpgKit/Tests/Core/Character
Searching for files in directory /home/travis/build/PaulSchweizer/ActionRpgKit/ActionRpgKit/Tests/Core/Item
Searching for files in directory /home/travis/build/PaulSchweizer/ActionRpgKit/ActionRpgKit/Tests/Core/Quest
Searching for files to process...
Searching for files in directory /home/travis/build/PaulSchweizer/ActionRpgKit/ActionRpgKit
Searching for files in directory /home/travis/build/PaulSchweizer/ActionRpgKit/ActionRpgKit/bin
Searching for files in directory /home/travis/build/PaulSchweizer/ActionRpgKit/ActionRpgKit/bin/Debug
Searching for files in directory /home/travis/build/PaulSchweizer/ActionRpgKit/ActionRpgKit/Core
Searching for files in directory /home/travis/build/PaulSchweizer/ActionRpgKit/ActionRpgKit/Core/Character
Searching for files in directory /home/travis/build/PaulSchweizer/ActionRpgKit/ActionRpgKit/Core/Item
Searching for files in directory /home/travis/build/PaulSchweizer/ActionRpgKit/ActionRpgKit/Core/Quest
Searching for files in directory /home/travis/build/PaulSchweizer/ActionRpgKit/ActionRpgKit/obj
Searching for files in directory /home/travis/build/PaulSchweizer/ActionRpgKit/ActionRpgKit/obj/Debug
Searching for files in directory /home/travis/build/PaulSchweizer/ActionRpgKit/ActionRpgKit/Properties
Searching for files in directory /home/travis/build/PaulSchweizer/ActionRpgKit/ActionRpgKit/Tests
Searching for files in directory /home/travis/build/PaulSchweizer/ActionRpgKit/ActionRpgKit/Tests/Core
Searching for files in directory /home/travis/build/PaulSchweizer/ActionRpgKit/ActionRpgKit/Tests/Core/Character
Searching for files in directory /home/travis/build/PaulSchweizer/ActionRpgKit/ActionRpgKit/Tests/Core/Item
Searching for files in directory /home/travis/build/PaulSchweizer/ActionRpgKit/ActionRpgKit/Tests/Core/Quest
Reading and parsing tag files
Parsing files
Preprocessing /home/travis/build/PaulSchweizer/ActionRpgKit/ActionRpgKit/Core/Character/Attribute.cs...
Parsing file /home/travis/build/PaulSchweizer/ActionRpgKit/ActionRpgKit/Core/Character/Attribute.cs...
Preprocessing /home/travis/build/PaulSchweizer/ActionRpgKit/ActionRpgKit/Core/Character/Character.cs...
Parsing file /home/travis/build/PaulSchweizer/ActionRpgKit/ActionRpgKit/Core/Character/Character.cs...
Preprocessing /home/travis/build/PaulSchweizer/ActionRpgKit/ActionRpgKit/Core/Character/Skill.cs...
Parsing file /home/travis/build/PaulSchweizer/ActionRpgKit/ActionRpgKit/Core/Character/Skill.cs...
Preprocessing /home/travis/build/PaulSchweizer/ActionRpgKit/ActionRpgKit/Core/Character/Stats.cs...
Parsing file /home/travis/build/PaulSchweizer/ActionRpgKit/ActionRpgKit/Core/Character/Stats.cs...
Preprocessing /home/travis/build/PaulSchweizer/ActionRpgKit/ActionRpgKit/Core/GameTime.cs...
Parsing file /home/travis/build/PaulSchweizer/ActionRpgKit/ActionRpgKit/Core/GameTime.cs...
Preprocessing /home/travis/build/PaulSchweizer/ActionRpgKit/ActionRpgKit/Core/Item/Item.cs...
Parsing file /home/travis/build/PaulSchweizer/ActionRpgKit/ActionRpgKit/Core/Item/Item.cs...
Preprocessing /home/travis/build/PaulSchweizer/ActionRpgKit/ActionRpgKit/Core/Quest/Quest.cs...
Parsing file /home/travis/build/PaulSchweizer/ActionRpgKit/ActionRpgKit/Core/Quest/Quest.cs...
Preprocessing /home/travis/build/PaulSchweizer/ActionRpgKit/ActionRpgKit/obj/Debug/.NETFramework,Version=v4.5.2.AssemblyAttribute.cs...
Parsing file /home/travis/build/PaulSchweizer/ActionRpgKit/ActionRpgKit/obj/Debug/.NETFramework,Version=v4.5.2.AssemblyAttribute.cs...
Preprocessing /home/travis/build/PaulSchweizer/ActionRpgKit/ActionRpgKit/Properties/AssemblyInfo.cs...
Parsing file /home/travis/build/PaulSchweizer/ActionRpgKit/ActionRpgKit/Properties/AssemblyInfo.cs...
Building group list...
Building directory list...
Building namespace list...
Building file list...
Building class list...
Associating documentation with classes...
Computing nesting relations for classes...
Building example list...
Searching for enumerations...
Searching for documented typedefs...
Searching for members imported via using declarations...
Searching for included using directives...
Searching for documented variables...
Building interface member list...
Building member list...
Searching for friends...
Searching for documented defines...
Computing class inheritance relations...
Computing class usage relations...
Flushing cached template relations that have become invalid...
Creating members for template instances...
Computing class relations...
Add enum values to enums...
Searching for member function documentation...
Building page list...
Search for main page...
Computing page relations...
Determining the scope of groups...
Sorting lists...
Freeing entry tree
Determining which enums are documented
Computing member relations...
Building full member lists recursively...
Adding members to member groups.
Computing member references...
Inheriting documentation...
Generating disk names...
Adding source references...
Adding xrefitems...
Sorting member lists...
Computing dependencies between directories...
Generating citations page...
Counting data structures...
Resolving user defined references...
Finding anchors and sections in the documentation...
Transferring function references...
Combining using relations...
Adding members to index pages...
Generating style sheet...
Generating search indices...
Generating example documentation...
Generating file sources...
Parsing code for file .NETFramework,Version=v4.5.2.AssemblyAttribute.cs...
Parsing code for file AssemblyInfo.cs...
Parsing code for file Attribute.cs...
Parsing code for file Character.cs...
Parsing code for file GameTime.cs...
Parsing code for file Item.cs...
Parsing code for file Quest.cs...
Parsing code for file Skill.cs...
Parsing code for file Stats.cs...
Generating file documentation...
Generating page documentation...
Generating group documentation...
Generating class documentation...
Generating namespace index...
Generating docs for namespace ActionRpgKit
Generating docs for namespace ActionRpgKit::Core
Generating docs for compound ActionRpgKit::Core::GameTime...
Generating docs for namespace ActionRpgKit::Core::Character
Generating docs for compound ActionRpgKit::Core::Character::ICharacter...
Generating docs for compound ActionRpgKit::Core::Character::IMagicUser...
Generating docs for compound ActionRpgKit::Core::Character::IFighter...
Generating docs for compound ActionRpgKit::Core::Character::BaseCharacter...
Generating docs for compound ActionRpgKit::Core::Character::Player...
Generating docs for compound ActionRpgKit::Core::Character::Enemy...
Generating docs for namespace ActionRpgKit::Core::Character::Attribute
Generating docs for compound ActionRpgKit::Core::Character::Attribute::IAttribute...
Generating docs for compound ActionRpgKit::Core::Character::Attribute::PrimaryAttribute...
Generating docs for compound ActionRpgKit::Core::Character::Attribute::SecondaryAttribute...
Generating docs for compound ActionRpgKit::Core::Character::Attribute::VolumeAttribute...
Generating docs for compound ActionRpgKit::Core::Character::Attribute::SimpleVolumeAttribute...
Generating docs for compound ActionRpgKit::Core::Character::Attribute::IModifier...
Generating docs for compound ActionRpgKit::Core::Character::Attribute::TimeBasedModifier...
Generating docs for namespace ActionRpgKit::Core::Character::Skill
Generating docs for compound ActionRpgKit::Core::Character::Skill::ISkill...
Generating docs for compound ActionRpgKit::Core::Character::Skill::IMagicSkill...
Generating docs for compound ActionRpgKit::Core::Character::Skill::ICombatSkill...
Generating docs for compound ActionRpgKit::Core::Character::Skill::BaseSkill...
Generating docs for compound ActionRpgKsh: 1: dot: not found
error: Problems running dot: exit code=127, command='dot', arguments='"/home/travis/build/PaulSchweizer/ActionRpgKit/code_docs/ActionRpgKit/html/d6/dd6/interface_action_rpg_kit_1_1_core_1_1_character_1_1_i_character__inherit__graph.dot" -Tsvg -o "/home/travis/build/PaulSchweizer/ActionRpgKit/code_docs/ActionRpgKit/html/d6/dd6/interface_action_rpg_kit_1_1_core_1_1_character_1_1_i_character__inherit__graph.svg" -Tcmapx -o "/home/travis/build/PaulSchweizer/ActionRpgKit/code_docs/ActionRpgKit/html/d6/dd6/interface_action_rpg_kit_1_1_core_1_1_character_1_1_i_character__inherit__graph.map"'
sh: 1: dot: not found
error: Problems running dot: exit code=127, command='dot', arguments='"/home/travis/build/PaulSchweizer/ActionRpgKit/code_docs/ActionRpgKit/html/de/d4c/interface_action_rpg_kit_1_1_core_1_1_character_1_1_i_magic_user__inherit__graph.dot" -Tsvg -o "/home/travis/build/PaulSchweizer/ActionRpgKit/code_docs/ActionRpgKit/html/de/d4c/interface_action_rpg_kit_1_1_core_1_1_character_1_1_i_magic_user__inherit__graph.svg" -Tcmapx -o "/home/travis/build/PaulSchweizer/ActionRpgKit/code_docs/ActionRpgKit/html/de/d4c/interface_action_rpg_kit_1_1_core_1_1_character_1_1_i_magic_user__inherit__graph.map"'
sh: 1: dot: not found
error: Problems running dot: exit code=127, command='dot', arguments='"/home/travis/build/PaulSchweizer/ActionRpgKit/code_docs/ActionRpgKit/html/db/dc8/interface_action_rpg_kit_1_1_core_1_1_character_1_1_i_fighter__inherit__graph.dot" -Tsvg -o "/home/travis/build/PaulSchweizer/ActionRpgKit/code_docs/ActionRpgKit/html/db/dc8/interface_action_rpg_kit_1_1_core_1_1_character_1_1_i_fighter__inherit__graph.svg" -Tcmapx -o "/home/travis/build/PaulSchweizer/ActionRpgKit/code_docs/ActionRpgKit/html/db/dc8/interface_action_rpg_kit_1_1_core_1_1_character_1_1_i_fighter__inherit__graph.map"'
sh: 1: dot: not found
error: Problems running dot: exit code=127, command='dot', arguments='"/home/travis/build/PaulSchweizer/ActionRpgKit/code_docs/ActionRpgKit/html/da/d61/class_action_rpg_kit_1_1_core_1_1_character_1_1_enemy__inherit__graph.dot" -Tsvg -o "/home/travis/build/PaulSchweizer/ActionRpgKit/code_docs/ActionRpgKit/html/da/d61/class_action_rpg_kit_1_1_core_1_1_character_1_1_enemy__inherit__graph.svg" -Tcmapx -o "/home/travis/build/PaulSchweizer/ActionRpgKit/code_docs/ActionRpgKit/html/da/d61/class_action_rpg_kit_1_1_core_1_1_character_1_1_enemy__inherit__graph.map"'
sh: 1: dot: not found
error: Problems running dot: exit code=127, command='dot', arguments='"/home/travis/build/PaulSchweizer/ActionRpgKit/code_docs/ActionRpgKit/html/d0/dba/interface_action_rpg_kit_1_1_core_1_1_character_1_1_attribute_1_1_i_attribute__inherit__graph.dot" -Tsvg -o "/home/travis/build/PaulSchweizer/ActionRpgKit/code_docs/ActionRpgKit/html/d0/dba/interface_action_rpg_kit_1_1_core_1_1_character_1_1_attribute_1_1_i_attribute__inherit__graph.svg" -Tcmapx -o "/home/travis/build/PaulSchweizer/ActionRpgKit/code_docs/ActionRpgKit/html/d0/dba/interface_action_rpg_kit_1_1_core_1_1_character_1_1_attribute_1_1_i_attribute__inherit__graph.map"'
sh: 1: dot: not found
error: Problems running dot: exit code=127, command='dot', arguments='"/home/travis/build/PaulSchweizer/ActionRpgKit/code_docs/ActionRpgKit/html/db/d14/class_action_rpg_kit_1_1_core_1_1_character_1_1_attribute_1_1_primary_attribute__inherit__graph.dot" -Tsvg -o "/home/travis/build/PaulSchweizer/ActionRpgKit/code_docs/ActionRpgKit/html/db/d14/class_action_rpg_kit_1_1_core_1_1_character_1_1_attribute_1_1_primary_attribute__inherit__graph.svg" -Tcmapx -o "/home/travis/build/PaulSchweizer/ActionRpgKit/code_docs/ActionRpgKit/html/db/d14/class_action_rpg_kit_1_1_core_1_1_character_1_1_attribute_1_1_primary_attribute__inherit__graph.map"'
sh: 1: dot: not found
error: Problems running dot: exit code=127, command='dot', arguments='"/home/travis/build/PaulSchweizer/ActionRpgKit/code_docs/ActionRpgKit/html/d4/d2c/class_action_rpg_kit_1_1_core_1_1_character_1_1_attribute_1_1_secondary_attribute__inherit__graph.dot" -Tsvg -o "/home/travis/build/PaulSchweizer/ActionRpgKit/code_docs/ActionRpgKit/html/d4/d2c/class_action_rpg_kit_1_1_core_1_1_character_1_1_attribute_1_1_secondary_attribute__inherit__graph.svg" -Tcmapx -o "/home/travis/build/PaulSchweizer/ActionRpgKit/code_docs/ActionRpgKit/html/d4/d2c/class_action_rpg_kit_1_1_core_1_1_character_1_1_attribute_1_1_secondary_attribute__inherit__graph.map"'
sh: 1: dot: not found
error: Problems running dot: exit code=127, command='dot', arguments='"/home/travis/build/PaulSchweizer/ActionRpgKit/code_docs/ActionRpgKit/html/da/d1e/class_action_rpg_kit_1_1_core_1_1_character_1_1_attribute_1_1_volume_attribute__inherit__graph.dot" -Tsvg -o "/home/travis/build/PaulSchweizer/ActionRpgKit/code_docs/ActionRpgKit/html/da/d1e/class_action_rpg_kit_1_1_core_1_1_character_1_1_attribute_1_1_volume_attribute__inherit__graph.svg" -Tcmapx -o "/home/travis/build/PaulSchweizer/ActionRpgKit/code_docs/ActionRpgKit/html/da/d1e/class_action_rpg_kit_1_1_core_1_1_character_1_1_attribute_1_1_volume_attribute__inherit__graph.map"'
sh: 1: dot: not found
error: Problems running dot: exit code=127, command='dot', arguments='"/home/travis/build/PaulSchweizer/ActionRpgKit/code_docs/ActionRpgKit/html/dd/d95/class_action_rpg_kit_1_1_core_1_1_character_1_1_attribute_1_1_simple_volume_attribute__inherit__graph.dot" -Tsvg -o "/home/travis/build/PaulSchweizer/ActionRpgKit/code_docs/ActionRpgKit/html/dd/d95/class_action_rpg_kit_1_1_core_1_1_character_1_1_attribute_1_1_simple_volume_attribute__inherit__graph.svg" -Tcmapx -o "/home/travis/build/PaulSchweizer/ActionRpgKit/code_docs/ActionRpgKit/html/dd/d95/class_action_rpg_kit_1_1_core_1_1_character_1_1_attribute_1_1_simple_volume_attribute__inherit__graph.map"'
sh: 1: dot: not found
error: Problems running dot: exit code=127, command='dot', arguments='"/home/travis/build/PaulSchweizer/ActionRpgKit/code_docs/ActionRpgKit/html/d2/d76/interface_action_rpg_kit_1_1_core_1_1_character_1_1_attribute_1_1_i_modifier__inherit__graph.dot" -Tsvg -o "/home/travis/build/PaulSchweizer/ActionRpgKit/code_docs/ActionRpgKit/html/d2/d76/interface_action_rpg_kit_1_1_core_1_1_character_1_1_attribute_1_1_i_modifier__inherit__graph.svg" -Tcmapx -o "/home/travis/build/PaulSchweizer/ActionRpgKit/code_docs/ActionRpgKit/html/d2/d76/interface_action_rpg_kit_1_1_core_1_1_character_1_1_attribute_1_1_i_modifier__inherit__graph.map"'
sh: 1: dot: not found
error: Problems running dot: exit code=127, command='dot', arguments='"/home/travis/build/PaulSchweizer/ActionRpgKit/code_docs/ActionRpgKit/html/d7/dac/class_action_rpg_kit_1_1_core_1_1_character_1_1_attribute_1_1_time_based_modifier__inherit__graph.dot" -Tsvg -o "/home/travis/build/PaulSchweizer/ActionRpgKit/code_docs/ActionRpgKit/html/d7/dac/class_action_rpg_kit_1_1_core_1_1_character_1_1_attribute_1_1_time_based_modifier__inherit__graph.svg" -Tcmapx -o "/home/travis/build/PaulSchweizer/ActionRpgKit/code_docs/ActionRpgKit/html/d7/dac/class_action_rpg_kit_1_1_core_1_1_character_1_1_attribute_1_1_time_based_modifier__inherit__graph.map"'
sh: 1: dot: not found
error: Problems running dot: exit code=127, command='dot', arguments='"/home/travis/build/PaulSchweizer/ActionRpgKit/code_docs/ActionRpgKit/html/de/d47/interface_action_rpg_kit_1_1_core_1_1_character_1_1_skill_1_1_i_skill__inherit__graph.dot" -Tsvg -o "/home/travis/build/PaulSchweizer/ActionRpgKit/code_docs/ActionRpgKit/html/de/d47/interface_action_rpg_kit_1_1_core_1_1_character_1_1_skill_1_1_i_skill__inherit__graph.svg" -Tcmapx -o "/home/travis/build/PaulSchweizer/ActionRpgKit/code_docs/ActionRpgKit/html/de/d47/interface_action_rpg_kit_1_1_core_1_1_character_1_1_skill_1_1_i_skill__inherit__graph.map"'
sh: 1: dot: not found
error: Problems running dot: exit code=127, command='dot', arguments='"/home/travis/build/PaulSchweizer/ActionRpgKit/code_docs/ActionRpgKit/html/dc/dc5/interface_action_rpg_kit_1_1_core_1_1_character_1_1_skill_1_1_i_magic_skill__inherit__graph.dot" -Tsvg -o "/home/travis/build/PaulSchweizer/ActionRpgKit/code_docs/ActionRpgKit/html/dc/dc5/interface_action_rpg_kit_1_1_core_1_1_character_1_1_skill_1_1_i_magic_skill__inherit__graph.svg" -Tcmapx -o "/home/travis/build/PaulSchweizer/ActionRpgKit/code_docs/ActionRpgKit/html/dc/dc5/interface_action_rpg_kit_1_1_core_1_1_character_1_1_skill_1_1_i_magic_skill__inherit__graph.map"'
sh: 1: dot: not found
error: Problems running dot: exit code=127, command='dot', arguments='"/home/travis/build/PaulSchweizer/ActionRpgKit/code_docs/ActionRpgKit/html/d6/d32/interface_action_rpg_kit_1_1_core_1_1_character_1_1_skill_1_1_i_combat_skill__inherit__graph.dot" -Tsvg -o "/home/travis/build/PaulSchweizer/ActionRpgKit/code_docs/ActionRpgKit/html/d6/d32/interface_action_rpg_kit_1_1_core_1_1_character_1_1_skill_1_1_i_combat_skill__inherit__graph.svg" -Tcmapx -o "/home/travis/build/PaulSchweizer/ActionRpgKit/code_docs/ActionRpgKit/html/d6/d32/interface_action_rpg_kit_1_1_core_1_1_character_1_1_skill_1_1_i_combat_skill__inherit__graph.map"'
sh: 1: dot: not found
error: Problems running dot: exit code=127, command='dot', arguments='"/home/travis/build/PaulSchweizer/ActionRpgKit/code_docs/ActionRpgKit/html/d3/d78/class_action_rpg_kit_1_1_core_1_1_character_1_1_skill_1_1_base_skill__inherit__graph.dot" -Tsvg -o "/home/travis/build/PaulSchweizer/ActionRpgKit/code_docs/ActionRpgKit/html/d3/d78/class_action_rpg_kit_1_1_core_1_1_character_1_1_skill_1_1_base_skill__inherit__graph.svg" -Tcmapx -o "/home/travis/build/PaulSchweizer/ActionRpgKit/code_docs/ActionRpgKit/html/d3/d78/class_action_rpg_kit_1_1_core_1_1_character_1_1_skill_1_1_base_skill__inherit__graph.map"'
sh: 1: dot: not found
error: Problems running dot: exit code=127, command='dot', arguments='"/home/travis/build/PaulSchweizer/ActionRpgKit/code_docs/ActionRpgKit/html/d6/dd7/class_action_rpg_kit_1_1_core_1_1_character_1_1_skill_1_1_passive_magic_skill__inherit__graph.dot" -Tsvg -o "/home/travis/build/PaulSchweizer/ActionRpgKit/code_docs/ActionRpgKit/html/d6/dd7/class_action_rpg_kit_1_1_core_1_1_character_1_1_skill_1_1_passive_magic_skill__inherit__graph.svg" -Tcmapx -o "/home/travis/build/PaulSchweizer/ActionRpgKit/code_docs/ActionRpgKit/html/d6/dd7/class_action_rpg_kit_1_1_core_1_1_character_1_1_skill_1_1_passive_magic_skill__inherit__graph.map"'
sh: 1: dot: not found
error: Problems running dot: exit code=127, command='dot', arguments='"/home/travis/build/PaulSchweizer/ActionRpgKit/code_docs/ActionRpgKit/html/d0/d56/class_action_rpg_kit_1_1_core_1_1_character_1_1_skill_1_1_melee_skill__inherit__graph.dot" -Tsvg -o "/home/travis/build/PaulSchweizer/ActionRpgKit/code_docs/ActionRpgKit/html/d0/d56/class_action_rpg_kit_1_1_core_1_1_character_1_1_skill_1_1_melee_skill__inherit__graph.svg" -Tcmapx -o "/home/travis/build/PaulSchweizer/ActionRpgKit/code_docs/ActionRpgKit/html/d0/d56/class_action_rpg_kit_1_1_core_1_1_character_1_1_skill_1_1_melee_skill__inherit__graph.map"'
sh: 1: dot: not found
error: Problems running dot: exit code=127, command='dot', arguments='"/home/travis/build/PaulSchweizer/ActionRpgKit/code_docs/ActionRpgKit/html/d5/d68/class_action_rpg_kit_1_1_core_1_1_character_1_1_stats_1_1_base_stats__inherit__graph.dot" -Tsvg -o "/home/travis/build/PaulSchweizer/ActionRpgKit/code_docs/ActionRpgKit/html/d5/d68/class_action_rpg_kit_1_1_core_1_1_character_1_1_stats_1_1_base_stats__inherit__graph.svg" -Tcmapx -o "/home/travis/build/PaulSchweizer/ActionRpgKit/code_docs/ActionRpgKit/html/d5/d68/class_action_rpg_kit_1_1_core_1_1_character_1_1_stats_1_1_base_stats__inherit__graph.map"'
sh: 1: dot: not found
error: Problems running dot: exit code=127, command='dot', arguments='"/home/travis/build/PaulSchweizer/ActionRpgKit/code_docs/ActionRpgKit/html/dc/da8/class_action_rpg_kit_1_1_core_1_1_character_1_1_stats_1_1_player_stats__inherit__graph.dot" -Tsvg -o "/home/travis/build/PaulSchweizer/ActionRpgKit/code_docs/ActionRpgKit/html/dc/da8/class_action_rpg_kit_1_1_core_1_1_character_1_1_stats_1_1_player_stats__inherit__graph.svg" -Tcmapx -o "/home/travis/build/PaulSchweizer/ActionRpgKit/code_docs/ActionRpgKit/html/dc/da8/class_action_rpg_kit_1_1_core_1_1_character_1_1_stats_1_1_player_stats__inherit__graph.map"'
sh: 1: dot: not found
error: Problems running dot: exit code=127, command='dot', arguments='"/home/travis/build/PaulSchweizer/ActionRpgKit/code_docs/ActionRpgKit/html/dd/d7b/class_action_rpg_kit_1_1_core_1_1_character_1_1_stats_1_1_enemy_stats__inherit__graph.dot" -Tsvg -o "/home/travis/build/PaulSchweizer/ActionRpgKit/code_docs/ActionRpgKit/html/dd/d7b/class_action_rpg_kit_1_1_core_1_1_character_1_1_stats_1_1_enemy_stats__inherit__graph.svg" -Tcmapx -o "/home/travis/build/PaulSchweizer/ActionRpgKit/code_docs/ActionRpgKit/html/dd/d7b/class_action_rpg_kit_1_1_core_1_1_character_1_1_stats_1_1_enemy_stats__inherit__graph.map"'
sh: 1: dot: not found
error: Problems running dot: exit code=127, command='dot', arguments='"/home/travis/build/PaulSchweizer/ActionRpgKit/code_docs/ActionRpgKit/html/de/d6d/class_action_rpg_kit_1_1_core_1_1_character_1_1_base_character__inherit__graph.dot" -Tsvg -o "/home/travis/build/PaulSchweizer/ActionRpgKit/code_docs/ActionRpgKit/html/de/d6d/class_action_rpg_kit_1_1_core_1_1_character_1_1_base_character__inherit__graph.svg" -Tcmapx -o "/home/travis/build/PaulSchweizer/ActionRpgKit/code_docs/ActionRpgKit/html/de/d6d/class_action_rpg_kit_1_1_core_1_1_character_1_1_base_character__inherit__graph.map"'
sh: 1: dot: not found
error: Problems running dot: exit code=127, command='dot', arguments='"/home/travis/build/PaulSchweizer/ActionRpgKit/code_docs/ActionRpgKit/html/dd/dce/class_action_rpg_kit_1_1_core_1_1_item_1_1_base_item__inherit__graph.dot" -Tsvg -o "/home/travis/build/PaulSchweizer/ActionRpgKit/code_docs/ActionRpgKit/html/dd/dce/class_action_rpg_kit_1_1_core_1_1_item_1_1_base_item__inherit__graph.svg" -Tcmapx -o "/home/travis/build/PaulSchweizer/ActionRpgKit/code_docs/ActionRpgKit/html/dd/dce/class_action_rpg_kit_1_1_core_1_1_item_1_1_base_item__inherit__graph.map"'
sh: 1: dot: not found
error: Problems running dot: exit code=127, command='dot', arguments='"/home/travis/build/PaulSchweizer/ActionRpgKit/code_docs/ActionRpgKit/html/d9/d9e/interface_action_rpg_kit_1_1_core_1_1_quest_1_1_i_quest__inherit__graph.dot" -Tsvg -o "/home/travis/build/PaulSchweizer/ActionRpgKit/code_docs/ActionRpgKit/html/d9/d9e/interface_action_rpg_kit_1_1_core_1_1_quest_1_1_i_quest__inherit__graph.svg" -Tcmapx -o "/home/travis/build/PaulSchweizer/ActionRpgKit/code_docs/ActionRpgKit/html/d9/d9e/interface_action_rpg_kit_1_1_core_1_1_quest_1_1_i_quest__inherit__graph.map"'
sh: 1: dot: not found
error: Problems running dot: exit code=127, command='dot', arguments='"/home/travis/build/PaulSchweizer/ActionRpgKit/code_docs/ActionRpgKit/html/d2/d56/interface_action_rpg_kit_1_1_core_1_1_quest_1_1_i_objective__inherit__graph.dot" -Tsvg -o "/home/travis/build/PaulSchweizer/ActionRpgKit/code_docs/ActionRpgKit/html/d2/d56/interface_action_rpg_kit_1_1_core_1_1_quest_1_1_i_objective__inherit__graph.svg" -Tcmapx -o "/home/travis/build/PaulSchweizer/ActionRpgKit/code_docs/ActionRpgKit/html/d2/d56/interface_action_rpg_kit_1_1_core_1_1_quest_1_1_i_objective__inherit__graph.map"'
sh: 1: dot: not found
error: Problems running dot: exit code=127, command='dot', arguments='"/home/travis/build/PaulSchweizer/ActionRpgKit/code_docs/ActionRpgKit/html/d5/d8a/class_action_rpg_kit_1_1_core_1_1_quest_1_1_base_objective__inherit__graph.dot" -Tsvg -o "/home/travis/build/PaulSchweizer/ActionRpgKit/code_docs/ActionRpgKit/html/d5/d8a/class_action_rpg_kit_1_1_core_1_1_quest_1_1_base_objective__inherit__graph.svg" -Tcmapx -o "/home/travis/build/PaulSchweizer/ActionRpgKit/code_docs/ActionRpgKit/html/d5/d8a/class_action_rpg_kit_1_1_core_1_1_quest_1_1_base_objective__inherit__graph.map"'
sh: 1: dot: not found
error: Problems running dot: exit code=127, command='dot', arguments='"/home/travis/build/PaulSchweizer/ActionRpgKit/code_docs/ActionRpgKit/html/dc/dc8/class_action_rpg_kit_1_1_core_1_1_quest_1_1_base_quest__inherit__graph.dot" -Tsvg -o "/home/travis/build/PaulSchweizer/ActionRpgKit/code_docs/ActionRpgKit/html/dc/dc8/class_action_rpg_kit_1_1_core_1_1_quest_1_1_base_quest__inherit__graph.svg" -Tcmapx -o "/home/travis/build/PaulSchweizer/ActionRpgKit/code_docs/ActionRpgKit/html/dc/dc8/class_action_rpg_kit_1_1_core_1_1_quest_1_1_base_quest__inherit__graph.map"'
sh: 1: dot: not found
error: Problems running dot: exit code=127, command='dot', arguments='"/home/travis/build/PaulSchweizer/ActionRpgKit/code_docs/ActionRpgKit/html/dir_9ecb837a21b60474ce98456d518a780a_dep.dot" -Tsvg -o "/home/travis/build/PaulSchweizer/ActionRpgKit/code_docs/ActionRpgKit/html/dir_9ecb837a21b60474ce98456d518a780a_dep.svg" -Tcmapx -o "/home/travis/build/PaulSchweizer/ActionRpgKit/code_docs/ActionRpgKit/html/dir_9ecb837a21b60474ce98456d518a780a_dep.map"'
sh: 1: dot: not found
error: Problems running dot: exit code=127, command='dot', arguments='"/home/travis/build/PaulSchweizer/ActionRpgKit/code_docs/ActionRpgKit/html/dir_51aa3327c24c42ac0a4d2f2ce0d4381c_dep.dot" -Tsvg -o "/home/travis/build/PaulSchweizer/ActionRpgKit/code_docs/ActionRpgKit/html/dir_51aa3327c24c42ac0a4d2f2ce0d4381c_dep.svg" -Tcmapx -o "/home/travis/build/PaulSchweizer/ActionRpgKit/code_docs/ActionRpgKit/html/dir_51aa3327c24c42ac0a4d2f2ce0d4381c_dep.map"'
sh: 1: dot: not found
error: Problems running dot: exit code=127, command='dot', arguments='"/home/travis/build/PaulSchweizer/ActionRpgKit/code_docs/ActionRpgKit/html/dir_08cc5c503820d31914a2f2729a36eee6_dep.dot" -Tsvg -o "/home/travis/build/PaulSchweizer/ActionRpgKit/code_docs/ActionRpgKit/html/dir_08cc5c503820d31914a2f2729a36eee6_dep.svg" -Tcmapx -o "/home/travis/build/PaulSchweizer/ActionRpgKit/code_docs/ActionRpgKit/html/dir_08cc5c503820d31914a2f2729a36eee6_dep.map"'
sh: 1: dot: not found
error: Problems running dot: exit code=127, command='dot', arguments='"/home/travis/build/PaulSchweizer/ActionRpgKit/code_docs/ActionRpgKit/html/dir_706498b4d5731a6240de8837bef0e2e4_dep.dot" -Tsvg -o "/home/travis/build/PaulSchweizer/ActionRpgKit/code_docs/ActionRpgKit/html/dir_706498b4d5731a6240de8837bef0e2e4_dep.svg" -Tcmapx -o "/home/travis/build/PaulSchweizer/ActionRpgKit/code_docs/ActionRpgKit/html/dir_706498b4d5731a6240de8837bef0e2e4_dep.map"'
sh: 1: dot: not found
error: Problems running dot: exit code=127, command='dot', arguments='"/home/travis/build/PaulSchweizer/ActionRpgKit/code_docs/ActionRpgKit/html/dir_8207dc692c6f22639351b525b75cafa5_dep.dot" -Tsvg -o "/home/travis/build/PaulSchweizer/ActionRpgKit/code_docs/ActionRpgKit/html/dir_8207dc692c6f22639351b525b75cafa5_dep.svg" -Tcmapx -o "/home/travis/build/PaulSchweizer/ActionRpgKit/code_docs/ActionRpgKit/html/dir_8207dc692c6f22639351b525b75cafa5_dep.map"'
sh: 1: dot: not found
error: Problems running dot: exit code=127, command='dot', arguments='"/home/travis/build/PaulSchweizer/ActionRpgKit/code_docs/ActionRpgKit/html/dir_8aced4f5cb2570e3fc4d1c2659f00981_dep.dot" -Tsvg -o "/home/travis/build/PaulSchweizer/ActionRpgKit/code_docs/ActionRpgKit/html/dir_8aced4f5cb2570e3fc4d1c2659f00981_dep.svg" -Tcmapx -o "/home/travis/build/PaulSchweizer/ActionRpgKit/code_docs/ActionRpgKit/html/dir_8aced4f5cb2570e3fc4d1c2659f00981_dep.map"'
sh: 1: dot: not found
sh: 1: dot: not found
error: Problems running dot: exit code=127, command='dot', arguments='"/home/travis/build/PaulSchweizer/ActionRpgKit/code_docs/ActionRpgKit/html/dc/db4/interface_action_rpg_kit_1_1_core_1_1_item_1_1_i_item__inherit__graph.dot" -Tsvg -o "/home/travis/build/PaulSchweizer/ActionRpgKit/code_docs/ActionRpgKit/html/dc/db4/interface_action_rpg_kit_1_1_core_1_1_item_1_1_i_item__inherit__graph.svg" -Tcmapx -o "/home/travis/build/PaulSchweizer/ActionRpgKit/code_docs/ActionRpgKit/html/dc/db4/interface_action_rpg_kit_1_1_core_1_1_item_1_1_i_item__inherit__graph.map"'
error: Problems running dot: exit code=127, command='dot', arguments='"/home/travis/build/PaulSchweizer/ActionRpgKit/code_docs/ActionRpgKit/html/d4/d97/class_action_rpg_kit_1_1_core_1_1_character_1_1_player__inherit__graph.dot" -Tsvg -o "/home/travis/build/PaulSchweizer/ActionRpgKit/code_docs/ActionRpgKit/html/d4/d97/class_action_rpg_kit_1_1_core_1_1_character_1_1_player__inherit__graph.svg" -Tcmapx -o "/home/travis/build/PaulSchweizer/ActionRpgKit/code_docs/ActionRpgKit/html/d4/d97/class_action_rpg_kit_1_1_core_1_1_character_1_1_player__inherit__graph.map"'
sh: 1: dot: not found
error: Problems running dot: exit code=127, command='dot', arguments='"/home/travis/build/PaulSchweizer/ActionRpgKit/code_docs/ActionRpgKit/html/dir_4739576f810d48e6e0c06f46288922b6_dep.dot" -Tsvg -o "/home/travis/build/PaulSchweizer/ActionRpgKit/code_docs/ActionRpgKit/html/dir_4739576f810d48e6e0c06f46288922b6_dep.svg" -Tcmapx -o "/home/travis/build/PaulSchweizer/ActionRpgKit/code_docs/ActionRpgKit/html/dir_4739576f810d48e6e0c06f46288922b6_dep.map"'
sh: 1: dot: not found
sh: 1: dot: not found
error: Problems running dot: exit code=127, command='dot', arguments='"/home/travis/build/PaulSchweizer/ActionRpgKit/code_docs/ActionRpgKit/html/inherit_graph_0.dot" -Tsvg -o "/home/travis/build/PaulSchweizer/ActionRpgKit/code_docs/ActionRpgKit/html/inherit_graph_0.svg" -Tcmapx -o "/home/travis/build/PaulSchweizer/ActionRpgKit/code_docs/ActionRpgKit/html/inherit_graph_0.map"'
error: Problems running dot: exit code=127, command='dot', arguments='"/home/travis/build/PaulSchweizer/ActionRpgKit/code_docs/ActionRpgKit/html/dir_9dd54d8903da8692d636818bcc9c555e_dep.dot" -Tsvg -o "/home/travis/build/PaulSchweizer/ActionRpgKit/code_docs/ActionRpgKit/html/dir_9dd54d8903da8692d636818bcc9c555e_dep.svg" -Tcmapx -o "/home/travis/build/PaulSchweizer/ActionRpgKit/code_docs/ActionRpgKit/html/dir_9dd54d8903da8692d636818bcc9c555e_dep.map"'
sh: 1: dot: not found
error: Problems running dot: exit code=127, command='dot', arguments='"/home/travis/build/PaulSchweizer/ActionRpgKit/code_docs/ActionRpgKit/html/inherit_graph_1.dot" -Tsvg -o "/home/travis/build/PaulSchweizer/ActionRpgKit/code_docs/ActionRpgKit/html/inherit_graph_1.svg" -Tcmapx -o "/home/travis/build/PaulSchweizer/ActionRpgKit/code_docs/ActionRpgKit/html/inherit_graph_1.map"'
sh: 1: dot: not found
sh: 1: dot: not found
error: Problems running dot: exit code=127, command='dot', arguments='"/home/travis/build/PaulSchweizer/ActionRpgKit/code_docs/ActionRpgKit/html/inherit_graph_2.dot" -Tsvg -o "/home/travis/build/PaulSchweizer/ActionRpgKit/code_docs/ActionRpgKit/html/inherit_graph_2.svg" -Tcmapx -o "/home/travis/build/PaulSchweizer/ActionRpgKit/code_docs/ActionRpgKit/html/inherit_graph_2.map"'
error: Problems running dot: exit code=127, command='dot', arguments='"/home/travis/build/PaulSchweizer/ActionRpgKit/code_docs/ActionRpgKit/html/inherit_graph_4.dot" -Tsvg -o "/home/travis/build/PaulSchweizer/ActionRpgKit/code_docs/ActionRpgKit/html/inherit_graph_4.svg" -Tcmapx -o "/home/travis/build/PaulSchweizer/ActionRpgKit/code_docs/ActionRpgKit/html/inherit_graph_4.map"'
sh: 1: sh: 1: dot: not found
dot: not found
error: Problems running dot: exit code=127, command='dot', arguments='"/home/travis/build/PaulSchweizer/ActionRpgKit/code_docs/ActionRpgKit/html/inherit_graph_5.dot" -Tsvg -o "/home/travis/build/PaulSchweizer/ActionRpgKit/code_docs/ActionRpgKit/html/inherit_graph_5.svg" -Tcmapx -o "/home/travis/build/PaulSchweizer/ActionRpgKit/code_docs/ActionRpgKit/html/inherit_graph_5.map"'
error: Problems running dot: exit code=127, command='dot', arguments='"/home/travis/build/PaulSchweizer/ActionRpgKit/code_docs/ActionRpgKit/html/inherit_graph_3.dot" -Tsvg -o "/home/travis/build/PaulSchweizer/ActionRpgKit/code_docs/ActionRpgKit/html/inherit_graph_3.svg" -Tcmapx -o "/home/travis/build/PaulSchweizer/ActionRpgKit/code_docs/ActionRpgKit/html/inherit_graph_3.map"'
sh: 1: dot: not found
error: Problems running dot: exit code=127, command='dot', arguments='"/home/travis/build/PaulSchweizer/ActionRpgKit/code_docs/ActionRpgKit/html/inherit_graph_6.dot" -Tsvg -o "/home/travis/build/PaulSchweizer/ActionRpgKit/code_docs/ActionRpgKit/html/inherit_graph_6.svg" -Tcmapx -o "/home/travis/build/PaulSchweizer/ActionRpgKit/code_docs/ActionRpgKit/html/inherit_graph_6.map"'
sh: 1: dot: not found
error: Problems running dot: exit code=127, command='dot', arguments='"/home/travis/build/PaulSchweizer/ActionRpgKit/code_docs/ActionRpgKit/html/inherit_graph_8.dot" -Tsvg -o "/home/travis/build/PaulSchweizer/ActionRpgKit/code_docs/ActionRpgKit/html/inherit_graph_8.svg" -Tcmapx -o "/home/travis/build/PaulSchweizer/ActionRpgKit/code_docs/ActionRpgKit/html/inherit_graph_8.map"'
sh: 1: dot: not found
error: Problems running dot: exit code=127, command='dot', arguments='"/home/travis/build/PaulSchweizer/ActionRpgKit/code_docs/ActionRpgKit/html/inherit_graph_7.dot" -Tsvg -o "/home/travis/build/PaulSchweizer/ActionRpgKit/code_docs/ActionRpgKit/html/inherit_graph_7.svg" -Tcmapx -o "/home/travis/build/PaulSchweizer/ActionRpgKit/code_docs/ActionRpgKit/html/inherit_graph_7.map"'
error: Failed to rename file /home/travis/build/PaulSchweizer/ActionRpgKit/code_docs/ActionRpgKit/html/d6/dd6/interface_action_rpg_kit_1_1_core_1_1_character_1_1_i_character__inherit__graph.svg to /home/travis/build/PaulSchweizer/ActionRpgKit/code_docs/ActionRpgKit/html/d6/dd6/interface_action_rpg_kit_1_1_core_1_1_character_1_1_i_character__inherit__graph.svg.tmp!
it::Core::Character::Skill::PassiveMagicSkill...
Generating docs for compound ActionRpgKit::Core::Character::Skill::MeleeSkill...
Generating docs for namespace ActionRpgKit::Core::Character::Stats
Generating docs for compound ActionRpgKit::Core::Character::Stats::BaseStats...
Generating docs for compound ActionRpgKit::Core::Character::Stats::PlayerStats...
Generating docs for compound ActionRpgKit::Core::Character::Stats::EnemyStats...
Generating docs for namespace ActionRpgKit::Core::Item
Generating docs for compound ActionRpgKit::Core::Item::IItem...
Generating docs for compound ActionRpgKit::Core::Item::BaseItem...
Generating docs for namespace ActionRpgKit::Core::Quest
Generating docs for compound ActionRpgKit::Core::Quest::IQuest...
Generating docs for compound ActionRpgKit::Core::Quest::IObjective...
Generating docs for compound ActionRpgKit::Core::Quest::BaseObjective...
Generating docs for compound ActionRpgKit::Core::Quest::BaseQuest...
Generating directory documentation...
Generating dependency graph for directory ActionRpgKit
Generating dependency graph for directory Character
Generating dependency graph for directory Core
Generating dependency graph for directory Debug
Generating dependency graph for directory Item
Generating dependency graph for directory obj
Generating dependency graph for directory Properties
Generating dependency graph for directory Quest
Generating index page...
Generating page index...
Generating module index...
Generating namespace index...
Generating namespace member index...
Generating annotated compound index...
Generating alphabetical compound index...
Generating hierarchical class index...
Generating graphical class hierarchy...
Generating member index...
Generating file member index...
Generating example index...
finalizing index lists...
Running dot...
Generating dot graphs using 3 parallel threads...
Running dot for graph 1/45
Running dot for graph 2/45
Running dot for graph 3/45
Running dot for graph 4/45
Running dot for graph 5/45
Running dot for graph 6/45
Running dot for graph 7/45
Running dot for graph 8/45
Running dot for graph 9/45
Running dot for graph 10/45
Running dot for graph 11/45
Running dot for graph 12/45
Running dot for graph 13/45
Running dot for graph 14/45
Running dot for graph 15/45
Running dot for graph 16/45
Running dot for graph 17/45
Running dot for graph 18/45
Running dot for graph 19/45
Running dot for graph 20/45
Running dot for graph 21/45
Running dot for graph 22/45
Running dot for graph 23/45
Running dot for graph 24/45
Running dot for graph 25/45
Running dot for graph 26/45
Running dot for graph 27/45
Running dot for graph 28/45
Running dot for graph 29/45
Running dot for graph 30/45
Running dot for graph 31/45
Running dot for graph 32/45
Running dot for graph 33/45
Running dot for graph 34/45
Running dot for graph 35/45
Running dot for graph 36/45
Running dot for graph 37/45
Running dot for graph 38/45
Running dot for graph 39/45
Running dot for graph 40/45
Running dot for graph 41/45
Running dot for graph 42/45
Running dot for graph 43/45
Running dot for graph 44/45
Running dot for graph 45/45
Patching output file 1/82
lookup cache used 509/65536 hits=2327 misses=536
finished...
